Drill report for C:\Users\m.santucci\source\repos\Driverino\Driverino.kicad_pcb
Created on 10/05/2021 17:37:39

Copper Layer Stackup:
    =============================================================
    L1 :  F.Cu                      front
    L2 :  B.Cu                      back


Drill file 'Driverino-PTH.drl' contains
    plated through holes:
    =============================================================
    T1  0,20mm  0,008"  (54 holes)
    T2  0,40mm  0,016"  (13 holes)
    T3  0,50mm  0,020"  (11 holes)
    T4  0,65mm  0,026"  (8 holes)  (with 2 slots)
    T5  0,70mm  0,028"  (2 holes)  (with 2 slots)
    T6  1,00mm  0,039"  (9 holes)
    T7  1,30mm  0,051"  (5 holes)

    Total plated holes count 102


Drill file 'Driverino-NPTH.drl' contains
    unplated through holes:
    =============================================================

    Total unplated holes count 0
